d:\tealengine\tealengine\x64\release\vc142.pdb
d:\tealengine\tealengine\x64\release\defferedrenderer.obj
d:\tealengine\tealengine\x64\release\meshutil.obj
d:\tealengine\tealengine\x64\release\mesh.obj
d:\tealengine\tealengine\x64\release\light.obj
d:\tealengine\tealengine\x64\release\graphics.obj
d:\tealengine\tealengine\x64\release\framebuffer.obj
d:\tealengine\tealengine\x64\release\prefabfactory.obj
d:\tealengine\tealengine\x64\release\gamenode.obj
d:\tealengine\tealengine\x64\release\entity.obj
d:\tealengine\tealengine\x64\release\loadstrfromfile.obj
d:\tealengine\tealengine\x64\release\isdirectory.obj
d:\tealengine\tealengine\x64\release\getfilesindir.obj
d:\tealengine\tealengine\x64\release\getdirectorylist.obj
d:\tealengine\tealengine\x64\release\eventpublisher.obj
d:\tealengine\tealengine\x64\release\eventlistener.obj
d:\tealengine\tealengine\x64\release\core.obj
d:\tealengine\tealengine\x64\release\voxeldata.obj
d:\tealengine\tealengine\x64\release\serversidechunk.obj
d:\tealengine\tealengine\x64\release\marchingcubesvoxelmesh.obj
d:\tealengine\tealengine\x64\release\blockdata.obj
d:\tealengine\tealengine\x64\release\tstruct.obj
d:\tealengine\tealengine\x64\release\input.obj
d:\tealengine\tealengine\x64\release\debug.obj
d:\tealengine\tealengine\x64\release\resources.obj
d:\tealengine\tealengine\x64\release\rigidbody.obj
d:\tealengine\tealengine\x64\release\bulletphysicsconverting.obj
d:\tealengine\tealengine\x64\release\tpacket.obj
d:\tealengine\tealengine\x64\release\server.obj
d:\tealengine\tealengine\x64\release\clientnode.obj
d:\tealengine\tealengine\x64\release\randrange.obj
d:\tealengine\tealengine\x64\release\perlinnoise.obj
d:\tealengine\tealengine\x64\release\noise.obj
d:\tealengine\tealengine\x64\release\interpolation.obj
d:\tealengine\tealengine\x64\release\main.obj
d:\tealengine\tealengine\x64\release\textureatlas.obj
d:\tealengine\tealengine\x64\release\texture.obj
d:\tealengine\tealengine\x64\release\shaderprogram.obj
d:\tealengine\tealengine\x64\release\shader.obj
d:\tealengine\tealengine\x64\release\renderutil.obj
d:\tealengine\tealengine\x64\release\forwardrenderer.obj
d:\tealengine\tealengine\x64\release\callbacks.obj
d:\tealengine\tealengine\x64\release\compress.obj
d:\tealengine\tealengine\x64\release\host.obj
d:\tealengine\tealengine\x64\release\list.obj
d:\tealengine\tealengine\x64\release\packet.obj
d:\tealengine\tealengine\x64\release\peer.obj
d:\tealengine\tealengine\x64\release\protocol.obj
d:\tealengine\tealengine\x64\release\shaderutil.obj
d:\tealengine\tealengine\x64\release\unix.obj
d:\tealengine\tealengine\x64\release\win32.obj
d:\tealengine\tealengine\x64\release\tealengine.tlog\cl.command.1.tlog
d:\tealengine\tealengine\x64\release\tealengine.tlog\cl.read.1.tlog
d:\tealengine\tealengine\x64\release\tealengine.tlog\cl.write.1.tlog
