  BlockData.cpp
C:\Users\User\source\repos\tealengine\Graphics\Texture\Texture.h(2,10): fatal error C1083: Cannot open include file: 'libs/glm/vec4.hpp': No such file or directory
  ClientSideVoxelWorld.cpp
C:\Users\User\source\repos\tealengine\Graphics\Shader\Shader.h(2,10): fatal error C1083: Cannot open include file: 'glew.h': No such file or directory
  MarchingCubesVoxelMesh.cpp
C:\Users\User\source\repos\tealengine\Network\PeerData.h(2,10): fatal error C1083: Cannot open include file: 'enet/enet.h': No such file or directory
  ServerSideChunk.cpp
C:\Users\User\source\repos\tealengine\Network\PeerData.h(2,10): fatal error C1083: Cannot open include file: 'enet/enet.h': No such file or directory
  ServerSideVoxelWorld.cpp
C:\Users\User\source\repos\tealengine\Network\PeerData.h(2,10): fatal error C1083: Cannot open include file: 'enet/enet.h': No such file or directory
  VoxelData.cpp
C:\Users\User\source\repos\tealengine\Network\PeerData.h(2,10): fatal error C1083: Cannot open include file: 'enet/enet.h': No such file or directory
  Core.cpp
C:\Users\User\source\repos\tealengine\Graphics\Mesh\Mesh.h(2,10): fatal error C1083: Cannot open include file: 'glew.h': No such file or directory
  EventListener.cpp
  getDirectoryList.cpp
C:\Program Files (x86)\Microsoft Visual Studio\2019\Community\VC\Tools\MSVC\14.28.29910\include\experimental\filesystem(30,1): fatal error C1189: #error:  The <experimental/filesystem> header providing std::experimental::filesystem is deprecated by Microsoft and will be REMOVED. It is superseded by the C++17 <filesystem> header providing std::filesystem. You can define _SILENCE_EXPERIMENTAL_FILESYSTEM_DEPRECATION_WARNING to acknowledge that you have received this warning.
  getFilesInDir.cpp
  isDirectory.cpp
C:\Program Files (x86)\Microsoft Visual Studio\2019\Community\VC\Tools\MSVC\14.28.29910\include\experimental\filesystem(30,1): fatal error C1189: #error:  The <experimental/filesystem> header providing std::experimental::filesystem is deprecated by Microsoft and will be REMOVED. It is superseded by the C++17 <filesystem> header providing std::filesystem. You can define _SILENCE_EXPERIMENTAL_FILESYSTEM_DEPRECATION_WARNING to acknowledge that you have received this warning.
  loadStrFromFile.cpp
C:\Users\User\source\repos\tealengine\Filesystem\loadStrFromFile.cpp(2,10): fatal error C1083: Cannot open include file: 'System/Debug.h': No such file or directory
  Entity.cpp
C:\Users\User\source\repos\tealengine\Network\PeerData.h(2,10): fatal error C1083: Cannot open include file: 'enet/enet.h': No such file or directory
  GameNode.cpp
C:\Users\User\source\repos\tealengine\GameNode\GameNode.cpp(4,10): fatal error C1083: Cannot open include file: 'EventSystem/GameNodeEvents/GameNodeEvents.h': No such file or directory
  PrefabFactory.cpp
C:\Users\User\source\repos\tealengine\Network\PeerData.h(2,10): fatal error C1083: Cannot open include file: 'enet/enet.h': No such file or directory
  FrameBuffer.cpp
C:\Users\User\source\repos\tealengine\Graphics\FrameBuffer\FrameBuffer.cpp(4,10): fatal error C1083: Cannot open include file: 'glew.h': No such file or directory
  Graphics.cpp
C:\Users\User\source\repos\tealengine\Graphics\Graphics.h(2,10): fatal error C1083: Cannot open include file: 'glew.h': No such file or directory
  GUITransform.cpp
C:\Users\User\source\repos\tealengine\Graphics\GUI\GUITransform.h(2,10): fatal error C1083: Cannot open include file: 'libs/glm/glm.hpp': No such file or directory
  FreeTypeUtil.cpp
C:\Users\User\source\repos\tealengine\Graphics\GUI\Text\FreeTypeUtil.h(2,10): fatal error C1083: Cannot open include file: 'ft2build.h': No such file or directory
  Light.cpp
C:\Users\User\source\repos\tealengine\Graphics\Camera.h(2,10): fatal error C1083: Cannot open include file: 'GameNode/GameNode3D.h': No such file or directory
  Generating Code...
  Compiling...
  Mesh.cpp
C:\Users\User\source\repos\tealengine\Graphics\Mesh\Mesh.h(2,10): fatal error C1083: Cannot open include file: 'glew.h': No such file or directory
  MeshUtil.cpp
C:\Users\User\source\repos\tealengine\Graphics\Mesh\Mesh.h(2,10): fatal error C1083: Cannot open include file: 'glew.h': No such file or directory
  DefferedRenderer.cpp
C:\Users\User\source\repos\tealengine\Graphics\Renderer\ForwardRenderer.h(2,10): fatal error C1083: Cannot open include file: 'Graphics/Mesh/Mesh.h': No such file or directory
  ForwardRenderer.cpp
C:\Users\User\source\repos\tealengine\Graphics\Renderer\ForwardRenderer.h(2,10): fatal error C1083: Cannot open include file: 'Graphics/Mesh/Mesh.h': No such file or directory
  RenderUtil.cpp
C:\Users\User\source\repos\tealengine\Graphics\Renderer\RenderUtil.h(2,10): fatal error C1083: Cannot open include file: 'Graphics/Shader/ShaderProgram.h': No such file or directory
  Shader.cpp
C:\Users\User\source\repos\tealengine\Graphics\Shader\Shader.cpp(3,10): fatal error C1083: Cannot open include file: 'glew.h': No such file or directory
  ShaderProgram.cpp
C:\Users\User\source\repos\tealengine\Graphics\Shader\Shader.h(2,10): fatal error C1083: Cannot open include file: 'glew.h': No such file or directory
  Texture.cpp
C:\Users\User\source\repos\tealengine\Graphics\Texture\Texture.h(2,10): fatal error C1083: Cannot open include file: 'libs/glm/vec4.hpp': No such file or directory
  TextureAtlas.cpp
C:\Users\User\source\repos\tealengine\Graphics\Texture\Texture.h(2,10): fatal error C1083: Cannot open include file: 'libs/glm/vec4.hpp': No such file or directory
  Interpolation.cpp
C:\Users\User\source\repos\tealengine\Math\Interpolation.h(2,10): fatal error C1083: Cannot open include file: 'libs/glm/glm.hpp': No such file or directory
  Noise.cpp
C:\Users\User\source\repos\tealengine\Math\Noise.cpp(4,10): fatal error C1083: Cannot open include file: 'libs/glm/glm.hpp': No such file or directory
  PerlinNoise.cpp
C:\Users\User\source\repos\tealengine\Math\Interpolation.h(2,10): fatal error C1083: Cannot open include file: 'libs/glm/glm.hpp': No such file or directory
  ClientNode.cpp
C:\Users\User\source\repos\tealengine\Network\ClientNode.h(1,10): warning C4067: unexpected tokens following preprocessor directive - expected a newline
C:\Users\User\source\repos\tealengine\Network\ClientNode.h(1,10): fatal error C1083: Cannot open include file: 'Graphics/Renderer/DefferedRenderer.h': No such file or directory
  Server.cpp
C:\Users\User\source\repos\tealengine\Network\Server.h(2,10): fatal error C1083: Cannot open include file: 'GameNode/Entity/Entity.h': No such file or directory
  TPacket.cpp
C:\Users\User\source\repos\tealengine\Network\TPacket.h(2,10): fatal error C1083: Cannot open include file: 'System/TStruct.h': No such file or directory
  BulletPhysicsConverting.cpp
C:\Users\User\source\repos\tealengine\Physics\BulletPhysicsConverting.h(2,10): fatal error C1083: Cannot open include file: 'GameNode/Transform.h': No such file or directory
  RigidBody.cpp
C:\Users\User\source\repos\tealengine\Physics\Rigidbody.h(2,10): fatal error C1083: Cannot open include file: 'GameNode/GameNode3D.h': No such file or directory
  Resources.cpp
C:\Users\User\source\repos\tealengine\Graphics\Mesh\Mesh.h(2,10): fatal error C1083: Cannot open include file: 'glew.h': No such file or directory
  Input.cpp
C:\Users\User\source\repos\tealengine\System\Input.h(2,10): fatal error C1083: Cannot open include file: 'glew.h': No such file or directory
  TStruct.cpp
C:\Users\User\source\repos\tealengine\System\TStruct.cpp(8,10): fatal error C1083: Cannot open include file: 'libs/compression/huffman.hpp': No such file or directory
  Generating Code...
